<?xml version="1.0" encoding="UTF-8"?>
<!-- Generated by org.testng.reporters.JUnitReportReporter -->
<testsuite skipped="0" hostname="DESKTOP-0IMA24S" name="com.ibm.sanity.tests.NG_Metering_App_URL_Test" tests="1" failures="0" timestamp="05 May 2020 05:40:45 GMT" time="104.149" errors="0">
  <testcase name="NGMeteringApp_URL_Test" time="104.149" classname="com.ibm.sanity.tests.NG_Metering_App_URL_Test"/>
</testsuite> <!-- com.ibm.sanity.tests.NG_Metering_App_URL_Test -->
