<?xml version="1.0" encoding="UTF-8"?>
<!-- Generated by org.testng.reporters.JUnitReportReporter -->
<testsuite skipped="0" hostname="DESKTOP-0IMA24S" name="com.training.sanity.tests.LoginTests" tests="1" failures="0" timestamp="29 Apr 2020 19:57:23 GMT" time="124.473" errors="0">
  <testcase name="validLoginTest" time="124.473" classname="com.training.sanity.tests.LoginTests"/>
</testsuite> <!-- com.training.sanity.tests.LoginTests -->
