<?xml version="1.0" encoding="UTF-8"?>
<!-- Generated by org.testng.reporters.JUnitReportReporter -->
<testsuite skipped="0" hostname="DESKTOP-0IMA24S" name="com.training.sanity.tests.CalculateMorgagePOMTest" tests="1" failures="0" timestamp="22 Jul 2019 05:22:13 GMT" time="61.823" errors="0">
  <testcase name="calculateMorgageAMT" time="61.823" classname="com.training.sanity.tests.CalculateMorgagePOMTest"/>
</testsuite> <!-- com.training.sanity.tests.CalculateMorgagePOMTest -->
