<?xml version="1.0" encoding="UTF-8"?>
<!-- Generated by org.testng.reporters.JUnitReportReporter -->
<testsuite skipped="0" hostname="DESKTOP-0IMA24S" name="com.training.sanity.tests.EnquiryDetailsPlotPOMTest" tests="1" failures="0" timestamp="27 Jul 2019 20:08:26 GMT" time="45.090" errors="0">
  <testcase name="propertysearchtest" time="45.090" classname="com.training.sanity.tests.EnquiryDetailsPlotPOMTest"/>
</testsuite> <!-- com.training.sanity.tests.EnquiryDetailsPlotPOMTest -->
