<?xml version="1.0" encoding="UTF-8"?>
<!-- Generated by org.testng.reporters.JUnitReportReporter -->
<testsuite skipped="0" hostname="DESKTOP-0IMA24S" name="com.training.sanity.tests.SimpleTestCasesTest" tests="1" failures="0" timestamp="20 Jul 2019 11:35:34 GMT" time="76.021" errors="0">
  <testcase name="RETC_010" time="76.021" classname="com.training.sanity.tests.SimpleTestCasesTest"/>
</testsuite> <!-- com.training.sanity.tests.SimpleTestCasesTest -->
