<?xml version="1.0" encoding="UTF-8"?>
<!-- Generated by org.testng.reporters.JUnitReportReporter -->
<testsuite skipped="0" hostname="DESKTOP-0IMA24S" name="com.ibm.sanity.tests.Application_url_check_Test" tests="1" failures="0" timestamp="02 May 2020 13:42:00 GMT" time="54.549" errors="0">
  <testcase name="application_url_check_Test" time="54.549" classname="com.ibm.sanity.tests.Application_url_check_Test"/>
</testsuite> <!-- com.ibm.sanity.tests.Application_url_check_Test -->
