<?xml version="1.0" encoding="UTF-8"?>
<!-- Generated by org.testng.reporters.JUnitReportReporter -->
<testsuite skipped="0" hostname="DESKTOP-0IMA24S" name="com.training.sanity.tests.EnquiryDetailsBlogPOMTest" tests="1" failures="0" timestamp="28 Jul 2019 14:30:47 GMT" time="48.849" errors="0">
  <testcase name="enquirydetailsblogform" time="48.849" classname="com.training.sanity.tests.EnquiryDetailsBlogPOMTest"/>
</testsuite> <!-- com.training.sanity.tests.EnquiryDetailsBlogPOMTest -->
