<?xml version="1.0" encoding="UTF-8"?>
<!-- Generated by org.testng.reporters.JUnitReportReporter -->
<testsuite skipped="0" hostname="DESKTOP-0IMA24S" name="com.ibm.sanity.tests.HC_LoginTest" tests="1" failures="0" timestamp="02 May 2020 19:29:46 GMT" time="72.827" errors="0">
  <testcase name="HC_Login_Test" time="72.827" classname="com.ibm.sanity.tests.HC_LoginTest"/>
</testsuite> <!-- com.ibm.sanity.tests.HC_LoginTest -->
