<?xml version="1.0" encoding="UTF-8"?>
<!-- Generated by org.testng.reporters.JUnitReportReporter -->
<testsuite skipped="0" hostname="DESKTOP-0IMA24S" name="com.ibm.sanity.tests.NG_Metering_App_VIEW_ALL_Test" tests="1" failures="0" timestamp="04 May 2020 08:51:52 GMT" time="203.933" errors="0">
  <testcase name="NGMeteringApp_LoginTest" time="203.933" classname="com.ibm.sanity.tests.NG_Metering_App_VIEW_ALL_Test"/>
</testsuite> <!-- com.ibm.sanity.tests.NG_Metering_App_VIEW_ALL_Test -->
