<?xml version="1.0" encoding="UTF-8"?>
<!-- Generated by org.testng.reporters.JUnitReportReporter -->
<testsuite skipped="0" hostname="DESKTOP-0IMA24S" name="com.training.sanity.tests.ApartmentformwithDBvalTest" tests="1" failures="0" timestamp="29 Apr 2020 11:37:43 GMT" time="72.701" errors="0">
  <testcase name="apartmentformwithDBvalTest" time="72.701" classname="com.training.sanity.tests.ApartmentformwithDBvalTest"/>
</testsuite> <!-- com.training.sanity.tests.ApartmentformwithDBvalTest -->
