<?xml version="1.0" encoding="UTF-8"?>
<!-- Generated by org.testng.reporters.JUnitReportReporter -->
<testsuite skipped="0" hostname="DESKTOP-0IMA24S" name="com.training.sanity.tests.Application_url_check_Test" tests="1" failures="0" timestamp="29 Apr 2020 19:14:50 GMT" time="55.759" errors="0">
  <testcase name="application_url_check_Test" time="55.759" classname="com.training.sanity.tests.Application_url_check_Test"/>
</testsuite> <!-- com.training.sanity.tests.Application_url_check_Test -->
