<?xml version="1.0" encoding="UTF-8"?>
<!-- Generated by org.testng.reporters.JUnitReportReporter -->
<testsuite skipped="0" hostname="DESKTOP-0IMA24S" name="com.training.sanity.tests.PropertysearchPOMTest" tests="1" failures="0" timestamp="25 Jul 2019 15:14:36 GMT" time="58.075" errors="0">
  <testcase name="propertysearchtest" time="58.075" classname="com.training.sanity.tests.PropertysearchPOMTest"/>
</testsuite> <!-- com.training.sanity.tests.PropertysearchPOMTest -->
