<?xml version="1.0" encoding="UTF-8"?>
<!-- Generated by org.testng.reporters.JUnitReportReporter -->
<testsuite skipped="0" hostname="DESKTOP-0IMA24S" name="com.training.sanity.tests.HC_VIew_All_Test" tests="1" failures="0" timestamp="29 Apr 2020 21:32:29 GMT" time="89.978" errors="0">
  <testcase name="validLoginTest" time="89.978" classname="com.training.sanity.tests.HC_VIew_All_Test"/>
</testsuite> <!-- com.training.sanity.tests.HC_VIew_All_Test -->
