<?xml version="1.0" encoding="UTF-8"?>
<!-- Generated by org.testng.reporters.JUnitReportReporter -->
<testsuite skipped="0" hostname="DESKTOP-0IMA24S" name="com.training.sanity.tests.PostsPublishTest" tests="1" failures="0" timestamp="06 Aug 2019 07:47:19 GMT" time="99.918" errors="0">
  <testcase name="postpublishtest" time="99.918" classname="com.training.sanity.tests.PostsPublishTest"/>
</testsuite> <!-- com.training.sanity.tests.PostsPublishTest -->
