<?xml version="1.0" encoding="UTF-8"?>
<!-- Generated by org.testng.reporters.JUnitReportReporter -->
<testsuite skipped="0" hostname="DESKTOP-0IMA24S" name="com.ibm.sanity.tests.LoginTest" tests="1" failures="0" timestamp="02 May 2020 13:42:00 GMT" time="69.898" errors="0">
  <testcase name="validLoginTest" time="69.898" classname="com.ibm.sanity.tests.LoginTest"/>
</testsuite> <!-- com.ibm.sanity.tests.LoginTest -->
