<?xml version="1.0" encoding="UTF-8"?>
<!-- Generated by org.testng.reporters.JUnitReportReporter -->
<testsuite skipped="0" hostname="DESKTOP-0IMA24S" name="com.training.sanity.tests.HC_SAP_Rainbow_Test" tests="1" failures="0" timestamp="30 Apr 2020 07:44:06 GMT" time="291.063" errors="0">
  <testcase name="validLoginTest" time="291.063" classname="com.training.sanity.tests.HC_SAP_Rainbow_Test"/>
</testsuite> <!-- com.training.sanity.tests.HC_SAP_Rainbow_Test -->
